2021-12-01T04:54:34+00:00 CRITICAL Uncaught Error: Call to undefined method WP_Error::get_data() in C:\xampp\htdocs\livingbooks\wp-content\plugins\woocommerce\packages\woocommerce-blocks\src\RestApi.php:64
Stack trace:
#0 C:\xampp\htdocs\livingbooks\wp-content\plugins\woocommerce\packages\woocommerce-blocks\src\BlockTypes\AbstractBlock.php(379): Automattic\WooCommerce\Blocks\RestApi->get_routes_from_namespace('wc/store')
#1 C:\xampp\htdocs\livingbooks\wp-content\plugins\woocommerce\packages\woocommerce-blocks\src\BlockTypes\AbstractProductGrid.php(512): Automattic\WooCommerce\Blocks\BlockTypes\AbstractBlock->enqueue_data(Array)
#2 C:\xampp\htdocs\livingbooks\wp-content\plugins\woocommerce\packages\woocommerce-blocks\src\BlockTypes\AbstractBlock.php(317): Automattic\WooCommerce\Blocks\BlockTypes\AbstractProductGrid->enqueue_data(Array)
#3 C:\xampp\htdocs\livingbooks\wp-content\plugins\woocommerce\packages\woocommerce-blocks\src\BlockTypes\AbstractBlock.php(85): Automattic\WooCommerce\Blocks\BlockTypes\AbstractBlock->enqueue_assets(Array)
#4 C:\xampp\htdocs\livingbooks\wp-includes\class-wp-block.php(221): Automattic\WooCommerce\Blocks\BlockTypes\AbstractBlock->render_callback(Array, '', Object(WP_Block))
#5 C:\xampp\htdocs\livingbooks\wp-includes\blocks.php(868): WP_Block->render()
#6 C:\xampp\htdocs\livingbooks\wp-includes\blocks.php(906): render_block(Array)
#7 C:\xampp\htdocs\livingbooks\wp-includes\class-wp-hook.php(303): do_blocks('<!-- wp:cover {...')
#8 C:\xampp\htdocs\livingbooks\wp-includes\plugin.php(189): WP_Hook->apply_filters('<!-- wp:cover {...', Array)
#9 C:\xampp\htdocs\livingbooks\wp-includes\post-template.php(253): apply_filters('the_content', '<!-- wp:cover {...')
#10 C:\xampp\htdocs\livingbooks\wp-content\themes\storefront\inc\storefront-template-functions.php(352): the_content()
#11 C:\xampp\htdocs\livingbooks\wp-includes\class-wp-hook.php(303): storefront_page_content('')
#12 C:\xampp\htdocs\livingbooks\wp-includes\class-wp-hook.php(327): WP_Hook->apply_filters(NULL, Array)
#13 C:\xampp\htdocs\livingbooks\wp-includes\plugin.php(470): WP_Hook->do_action(Array)
#14 C:\xampp\htdocs\livingbooks\wp-content\themes\storefront\content-page.php(18): do_action('storefront_page')
#15 C:\xampp\htdocs\livingbooks\wp-includes\template.php(772): require('C:\\xampp\\htdocs...')
#16 C:\xampp\htdocs\livingbooks\wp-includes\template.php(716): load_template('C:\\xampp\\htdocs...', false, Array)
#17 C:\xampp\htdocs\livingbooks\wp-includes\general-template.php(204): locate_template(Array, true, false, Array)
#18 C:\xampp\htdocs\livingbooks\wp-content\themes\storefront\template-fullwidth.php(21): get_template_part('content', 'page')
#19 C:\xampp\htdocs\livingbooks\wp-includes\template-loader.php(106): include('C:\\xampp\\htdocs...')
#20 C:\xampp\htdocs\livingbooks\wp-blog-header.php(19): require_once('C:\\xampp\\htdocs...')
#21 C:\xampp\htdocs\livingbooks\index.php(17): require('C:\\xampp\\htdocs...')
#22 {main}
  thrown en C:\xampp\htdocs\livingbooks\wp-content\plugins\woocommerce\packages\woocommerce-blocks\src\RestApi.php en la línea 64

2021-12-01T22:41:49+00:00 CRITICAL Uncaught Error: Undefined constant "WP_ENVIRONMENT_TYPE" in C:\xampp\htdocs\livingbooks\wp-content\plugins\woocommerce\packages\woocommerce-admin\src\Schedulers\MailchimpScheduler.php:90
Stack trace:
#0 C:\xampp\htdocs\livingbooks\wp-content\plugins\woocommerce\packages\woocommerce-admin\src\Schedulers\MailchimpScheduler.php(90): constant('WP_ENVIRONMENT_...')
#1 C:\xampp\htdocs\livingbooks\wp-content\plugins\woocommerce\packages\woocommerce-admin\src\Schedulers\MailchimpScheduler.php(58): Automattic\WooCommerce\Admin\Schedulers\MailchimpScheduler->make_request('adrian_lb52@hot...')
#2 C:\xampp\htdocs\livingbooks\wp-content\plugins\woocommerce\packages\woocommerce-admin\src\Events.php(109): Automattic\WooCommerce\Admin\Schedulers\MailchimpScheduler->run()
#3 C:\xampp\htdocs\livingbooks\wp-includes\class-wp-hook.php(303): Automattic\WooCommerce\Admin\Events->do_wc_admin_daily()
#4 C:\xampp\htdocs\livingbooks\wp-includes\class-wp-hook.php(327): WP_Hook->apply_filters('', Array)
#5 C:\xampp\htdocs\livingbooks\wp-includes\plugin.php(518): WP_Hook->do_action(Array)
#6 C:\xampp\htdocs\livingbooks\wp-cron.php(138): do_action_ref_array('wc_admin_daily', Array)
#7 {main}
  thrown en C:\xampp\htdocs\livingbooks\wp-content\plugins\woocommerce\packages\woocommerce-admin\src\Schedulers\MailchimpScheduler.php en la línea 90

